[31-Mar-2025 17:04:56 Europe/Berlin] querySelect: AddLike
[31-Mar-2025 17:04:56 Europe/Berlin] Username: arianna.moronetti@gmail.com
[31-Mar-2025 17:04:56 Europe/Berlin] PostId: 550e8400-e29b-41d4-a716-446655440010
[31-Mar-2025 17:04:57 Europe/Berlin] querySelect: RemoveLike
[31-Mar-2025 17:04:57 Europe/Berlin] Username: arianna.moronetti@gmail.com
[31-Mar-2025 17:04:57 Europe/Berlin] PostId: 550e8400-e29b-41d4-a716-446655440010
[31-Mar-2025 17:04:59 Europe/Berlin] querySelect: AddLike
[31-Mar-2025 17:04:59 Europe/Berlin] Username: arianna.moronetti@gmail.com
[31-Mar-2025 17:04:59 Europe/Berlin] PostId: 550e8400-e29b-41d4-a716-446655440010
[31-Mar-2025 17:18:42 Europe/Berlin] Query: Friends for arianna.moronetti@gmail.com
[31-Mar-2025 17:18:42 Europe/Berlin] checking likes...
[31-Mar-2025 17:18:42 Europe/Berlin] checking likes...
[31-Mar-2025 17:18:42 Europe/Berlin] checking likes...
[31-Mar-2025 17:18:42 Europe/Berlin] checking likes...
[31-Mar-2025 17:18:45 Europe/Berlin] Query: Friends for arianna.moronetti@gmail.com
[31-Mar-2025 17:18:45 Europe/Berlin] checking likes...
[31-Mar-2025 17:18:45 Europe/Berlin] checking likes...
[31-Mar-2025 17:18:45 Europe/Berlin] checking likes...
[31-Mar-2025 17:18:45 Europe/Berlin] checking likes...
[31-Mar-2025 17:40:15 Europe/Berlin] Query: Friends for arianna.moronetti@gmail.com
[31-Mar-2025 17:40:15 Europe/Berlin] checking likes...
[31-Mar-2025 17:40:15 Europe/Berlin] checking likes...
[31-Mar-2025 17:40:15 Europe/Berlin] checking likes...
[31-Mar-2025 17:40:15 Europe/Berlin] checking likes...
[31-Mar-2025 17:57:17 Europe/Berlin] Query: Friends for arianna.moronetti@gmail.com
[31-Mar-2025 17:57:17 Europe/Berlin] checking likes...
[31-Mar-2025 17:57:17 Europe/Berlin] checking likes...
[31-Mar-2025 17:57:17 Europe/Berlin] checking likes...
[31-Mar-2025 17:57:17 Europe/Berlin] checking likes...
[31-Mar-2025 17:59:19 Europe/Berlin] Query: Friends for arianna.moronetti@gmail.com
[31-Mar-2025 17:59:19 Europe/Berlin] checking likes...
[31-Mar-2025 17:59:19 Europe/Berlin] checking likes...
[31-Mar-2025 17:59:19 Europe/Berlin] checking likes...
[31-Mar-2025 17:59:19 Europe/Berlin] checking likes...
[31-Mar-2025 17:59:29 Europe/Berlin] Query: Friends for arianna.moronetti@gmail.com
[31-Mar-2025 17:59:29 Europe/Berlin] checking likes...
[31-Mar-2025 17:59:29 Europe/Berlin] checking likes...
[31-Mar-2025 17:59:29 Europe/Berlin] checking likes...
[31-Mar-2025 17:59:29 Europe/Berlin] checking likes...
[31-Mar-2025 17:59:30 Europe/Berlin] Query: Friends for arianna.moronetti@gmail.com
[31-Mar-2025 17:59:30 Europe/Berlin] checking likes...
[31-Mar-2025 17:59:30 Europe/Berlin] checking likes...
[31-Mar-2025 17:59:30 Europe/Berlin] checking likes...
[31-Mar-2025 17:59:30 Europe/Berlin] checking likes...
[31-Mar-2025 17:59:30 Europe/Berlin] Query: Friends for arianna.moronetti@gmail.com
[31-Mar-2025 17:59:31 Europe/Berlin] checking likes...
[31-Mar-2025 17:59:31 Europe/Berlin] checking likes...
[31-Mar-2025 17:59:31 Europe/Berlin] checking likes...
[31-Mar-2025 17:59:31 Europe/Berlin] checking likes...
[31-Mar-2025 18:01:17 Europe/Berlin] Query: Friends for arianna.moronetti@gmail.com
[31-Mar-2025 18:01:17 Europe/Berlin] checking likes...
[31-Mar-2025 18:01:17 Europe/Berlin] checking likes...
[31-Mar-2025 18:01:17 Europe/Berlin] checking likes...
[31-Mar-2025 18:01:17 Europe/Berlin] checking likes...
[31-Mar-2025 18:02:33 Europe/Berlin] Query: Friends for arianna.moronetti@gmail.com
[31-Mar-2025 18:02:33 Europe/Berlin] checking likes...
[31-Mar-2025 18:02:33 Europe/Berlin] checking likes...
[31-Mar-2025 18:02:33 Europe/Berlin] checking likes...
[31-Mar-2025 18:02:33 Europe/Berlin] checking likes...
[31-Mar-2025 18:03:17 Europe/Berlin] Query: Friends for arianna.moronetti@gmail.com
[31-Mar-2025 18:03:17 Europe/Berlin] checking likes...
[31-Mar-2025 18:03:17 Europe/Berlin] checking likes...
[31-Mar-2025 18:03:17 Europe/Berlin] checking likes...
[31-Mar-2025 18:03:17 Europe/Berlin] checking likes...
[31-Mar-2025 18:06:36 Europe/Berlin] Query: Friends for arianna.moronetti@gmail.com
[31-Mar-2025 18:06:36 Europe/Berlin] checking likes...
[31-Mar-2025 18:06:36 Europe/Berlin] checking likes...
[31-Mar-2025 18:06:36 Europe/Berlin] checking likes...
[31-Mar-2025 18:06:36 Europe/Berlin] checking likes...
[31-Mar-2025 18:07:13 Europe/Berlin] Query: Friends for arianna.moronetti@gmail.com
[31-Mar-2025 18:07:14 Europe/Berlin] checking likes...
[31-Mar-2025 18:07:14 Europe/Berlin] checking likes...
[31-Mar-2025 18:07:14 Europe/Berlin] checking likes...
[31-Mar-2025 18:07:14 Europe/Berlin] checking likes...
[31-Mar-2025 18:10:59 Europe/Berlin] Query: Friends for arianna.moronetti@gmail.com
[31-Mar-2025 18:10:59 Europe/Berlin] checking likes...
[31-Mar-2025 18:10:59 Europe/Berlin] checking likes...
[31-Mar-2025 18:10:59 Europe/Berlin] checking likes...
[31-Mar-2025 18:10:59 Europe/Berlin] checking likes...
[31-Mar-2025 18:11:22 Europe/Berlin] Query: Friends for arianna.moronetti@gmail.com
[31-Mar-2025 18:11:22 Europe/Berlin] checking likes...
[31-Mar-2025 18:11:22 Europe/Berlin] checking likes...
[31-Mar-2025 18:11:22 Europe/Berlin] checking likes...
[31-Mar-2025 18:11:22 Europe/Berlin] checking likes...
[31-Mar-2025 18:13:13 Europe/Berlin] Query: Friends for arianna.moronetti@gmail.com
[31-Mar-2025 18:13:13 Europe/Berlin] checking likes...
[31-Mar-2025 18:13:13 Europe/Berlin] checking likes...
[31-Mar-2025 18:13:13 Europe/Berlin] checking likes...
[31-Mar-2025 18:13:13 Europe/Berlin] checking likes...
[31-Mar-2025 18:24:42 Europe/Berlin] Action: SuggestedFriends, SearchParam: arianna.moronetti@gmail.com
[31-Mar-2025 18:24:42 Europe/Berlin] Action: CurrentFriends, SearchParam: arianna.moronetti@gmail.com
[31-Mar-2025 18:24:42 Europe/Berlin] Action: FriendRequests, SearchParam: arianna.moronetti@gmail.com
[31-Mar-2025 18:26:35 Europe/Berlin] Query: Friends for arianna.moronetti@gmail.com
[31-Mar-2025 18:26:35 Europe/Berlin] checking likes...
[31-Mar-2025 18:26:35 Europe/Berlin] checking likes...
[31-Mar-2025 18:26:35 Europe/Berlin] checking likes...
[31-Mar-2025 18:26:35 Europe/Berlin] checking likes...
[31-Mar-2025 18:30:37 Europe/Berlin] Query: Friends for arianna.moronetti@gmail.com
[31-Mar-2025 18:30:37 Europe/Berlin] checking likes...
[31-Mar-2025 18:30:37 Europe/Berlin] checking likes...
[31-Mar-2025 18:30:37 Europe/Berlin] checking likes...
[31-Mar-2025 18:30:37 Europe/Berlin] checking likes...
[31-Mar-2025 18:30:37 Europe/Berlin] Received search term: AriannaM
[31-Mar-2025 18:30:37 Europe/Berlin] Query: User
[31-Mar-2025 18:30:44 Europe/Berlin] User has Started Logging in!
[31-Mar-2025 18:30:44 Europe/Berlin] Checking if user exists...
[31-Mar-2025 18:30:44 Europe/Berlin] [{"status":"Success","redirect":"frontend\/pond.php"}]
[31-Mar-2025 18:30:45 Europe/Berlin] Query: Friends for christian.gallo@gmail.com
[31-Mar-2025 18:30:45 Europe/Berlin] checking likes...
[31-Mar-2025 18:30:45 Europe/Berlin] checking likes...
[31-Mar-2025 18:30:45 Europe/Berlin] checking likes...
[31-Mar-2025 18:30:45 Europe/Berlin] checking likes...
[31-Mar-2025 18:30:45 Europe/Berlin] checking likes...
[31-Mar-2025 18:30:45 Europe/Berlin] checking likes...
[31-Mar-2025 18:30:45 Europe/Berlin] checking likes...
[31-Mar-2025 18:30:45 Europe/Berlin] Query: User
[31-Mar-2025 18:30:45 Europe/Berlin] Received search term: HiristrianGaro
[31-Mar-2025 18:31:15 Europe/Berlin] User has Started Logging in!
[31-Mar-2025 18:31:15 Europe/Berlin] Checking if user exists...
[31-Mar-2025 18:31:15 Europe/Berlin] [{"status":"Success","redirect":"frontend\/pond.php"}]
[31-Mar-2025 18:31:15 Europe/Berlin] Query: Friends for lucian.cojocariu@gmail.com
[31-Mar-2025 18:31:15 Europe/Berlin] checking likes...
[31-Mar-2025 18:31:15 Europe/Berlin] checking likes...
[31-Mar-2025 18:31:16 Europe/Berlin] Received search term: Luciuxx
[31-Mar-2025 18:31:16 Europe/Berlin] Query: User
[31-Mar-2025 18:31:32 Europe/Berlin] Query: User
[31-Mar-2025 18:31:32 Europe/Berlin] Received search term: Luciuxx
[31-Mar-2025 18:32:38 Europe/Berlin] /Applications/XAMPP/xamppfiles/htdocs/duck/assets/images/post
[31-Mar-2025 18:32:38 Europe/Berlin] Creating Post
[31-Mar-2025 18:32:38 Europe/Berlin] Array
(
    [Description] => Ciao sono Lucio. Bianca 4L
    [Country] => 
    [State] => 
    [City] => 
)

[31-Mar-2025 18:32:38 Europe/Berlin] Creating Post
[31-Mar-2025 18:32:38 Europe/Berlin] lucian.cojocariu@gmail.com
[31-Mar-2025 18:32:38 Europe/Berlin] 2025-03-31 18:32:38
[31-Mar-2025 18:32:38 Europe/Berlin] Caluso
[31-Mar-2025 18:32:38 Europe/Berlin] Piemonte
[31-Mar-2025 18:32:38 Europe/Berlin] Torino
[31-Mar-2025 18:32:38 Europe/Berlin] Ciao sono Lucio. Bianca 4L
[31-Mar-2025 18:32:38 Europe/Berlin] Executing Query
[31-Mar-2025 18:32:38 Europe/Berlin] Post Created
[31-Mar-2025 18:32:38 Europe/Berlin] Adding Foto to Post
[31-Mar-2025 18:32:38 Europe/Berlin] c26f5a12-0e4d-11f0-8335-3af9d37fba49
[31-Mar-2025 18:32:38 Europe/Berlin] Images Number: 2
[31-Mar-2025 18:32:38 Europe/Berlin] Loop Number: 0
[31-Mar-2025 18:32:38 Europe/Berlin] Function name: imagejpeg
[31-Mar-2025 18:32:38 Europe/Berlin] Image cropped and saved to /Applications/XAMPP/xamppfiles/htdocs/duck/assets/images/post/1743438758_Ciao.jpg
[31-Mar-2025 18:32:38 Europe/Berlin] Loop Number: 1
[31-Mar-2025 18:32:38 Europe/Berlin] Function name: imagepng
[31-Mar-2025 18:32:39 Europe/Berlin] Image cropped and saved to /Applications/XAMPP/xamppfiles/htdocs/duck/assets/images/post/1743438758_Muori.png
[31-Mar-2025 18:32:41 Europe/Berlin] Received search term: Luciuxx
[31-Mar-2025 18:32:41 Europe/Berlin] Query: User
[31-Mar-2025 18:34:11 Europe/Berlin] Received search term: Luciuxx
[31-Mar-2025 18:34:11 Europe/Berlin] Query: User
[31-Mar-2025 18:34:13 Europe/Berlin] Received search term: Luciuxx
[31-Mar-2025 18:34:13 Europe/Berlin] Query: User
[31-Mar-2025 18:34:25 Europe/Berlin] Action: FriendRequests, SearchParam: lucian.cojocariu@gmail.com
[31-Mar-2025 18:34:25 Europe/Berlin] Action: CurrentFriends, SearchParam: lucian.cojocariu@gmail.com
[31-Mar-2025 18:34:25 Europe/Berlin] Action: SuggestedFriends, SearchParam: lucian.cojocariu@gmail.com
[31-Mar-2025 18:34:27 Europe/Berlin] Received search term: Luciuxx
[31-Mar-2025 18:34:27 Europe/Berlin] Query: User
[31-Mar-2025 18:34:31 Europe/Berlin] Query: Friends for lucian.cojocariu@gmail.com
[31-Mar-2025 18:34:32 Europe/Berlin] checking likes...
[31-Mar-2025 18:34:32 Europe/Berlin] checking likes...
